--- Copying files at Mon Aug 19 22:13:17 UTC 2019
--- Copying files at Tue Aug 20 03:38:00 UTC 2019
--- Copying files at Wed Aug 28 03:20:15 UTC 2019
--- Copying files at Wed Aug 28 03:29:05 UTC 2019
--- Copying files at Wed Aug 28 03:46:56 UTC 2019
--- Copying files at Wed Aug 28 03:48:01 UTC 2019
--- Copying files at Wed Aug 28 03:50:03 UTC 2019
--- Copying files at Wed Aug 28 03:55:12 UTC 2019
--- Copying files at Wed Aug 28 03:56:44 UTC 2019
--- Copying files at Wed Aug 28 03:57:20 UTC 2019
--- Copying files at Wed Aug 28 04:02:33 UTC 2019
--- Copying files at Wed Aug 28 13:13:08 UTC 2019
--- Copying files at Wed Aug 28 13:17:59 UTC 2019
--- Copying files at Wed Aug 28 13:24:16 UTC 2019
--- Copying files at Tue Sep  3 03:03:13 UTC 2019
--- Copying files at Tue Sep  3 03:04:11 UTC 2019
--- Copying files at Tue Sep  3 03:05:58 UTC 2019
--- Copying files at Tue Sep  3 03:07:37 UTC 2019
--- Copying files at Tue Sep  3 03:17:43 UTC 2019
--- Copying files at Tue Sep  3 03:23:50 UTC 2019
--- Copying files at Tue Sep  3 03:28:18 UTC 2019
--- Copying files at Tue Sep  3 03:29:38 UTC 2019
--- Copying files at Tue Sep  3 03:30:27 UTC 2019
--- Copying files at Tue Sep  3 03:31:40 UTC 2019
--- Copying files at Tue Sep  3 03:32:33 UTC 2019
--- Copying files at Tue Sep  3 03:34:32 UTC 2019
--- Copying files at Tue Sep  3 03:36:08 UTC 2019
--- Copying files at Tue Sep  3 04:21:44 UTC 2019
--- Copying files at Tue Sep  3 04:23:13 UTC 2019
--- Copying files at Tue Sep  3 04:25:14 UTC 2019
--- Copying files at Tue Sep  3 04:30:17 UTC 2019
--- Copying files at Tue Sep  3 04:37:03 UTC 2019
--- Copying files at Tue Sep  3 04:41:42 UTC 2019
--- Copying files at Tue Sep  3 04:43:44 UTC 2019
--- Copying files at Tue Sep  3 04:46:24 UTC 2019
--- Copying files at Tue Sep  3 04:56:38 UTC 2019
--- Copying files at Tue Sep  3 05:20:32 UTC 2019
--- Copying files at Wed Sep  4 13:18:33 UTC 2019
--- Copying files at Wed Sep  4 14:26:32 UTC 2019
--- Copying files at Wed Sep  4 14:33:27 UTC 2019
--- Copying files at Thu Sep  5 15:26:13 UTC 2019
--- Copying files at Thu Sep  5 16:04:02 UTC 2019
--- Copying files at Thu Sep  5 16:05:45 UTC 2019
--- Copying files at Thu Sep 19 17:51:05 UTC 2019
--- Copying files at Sun Sep 22 18:04:25 UTC 2019
--- Copying files at Sun Sep 22 20:50:45 UTC 2019
--- Copying files at Mon Sep 23 05:00:29 UTC 2019
--- Copying files at Mon Sep 23 05:06:14 UTC 2019
--- Copying files at Mon Sep 23 05:15:42 UTC 2019
--- Copying files at Mon Sep 23 05:16:27 UTC 2019
--- Copying files at Mon Sep 23 05:50:07 UTC 2019
--- Copying files at Mon Sep 23 06:23:53 UTC 2019
--- Copying files at Mon Sep 23 06:37:58 UTC 2019
--- Copying files at Mon Sep 23 06:40:12 UTC 2019
--- Copying files at Mon Sep 23 06:50:36 UTC 2019
--- Copying files at Mon Sep 23 06:51:14 UTC 2019
--- Copying files at Mon Sep 23 06:55:17 UTC 2019
--- Copying files at Mon Sep 23 14:42:08 UTC 2019
--- Copying files at Mon Sep 23 14:43:15 UTC 2019
--- Copying files at Mon Sep 23 14:44:30 UTC 2019
--- Copying files at Mon Sep 23 14:52:17 UTC 2019
--- Copying files at Thu Oct 10 04:01:46 UTC 2019
--- Copying files at Tue Oct 15 16:59:42 UTC 2019
--- Copying files at Tue Oct 15 17:01:17 UTC 2019
--- Copying files at Tue Oct 15 17:03:13 UTC 2019
--- Copying files at Tue Oct 15 17:10:30 UTC 2019
--- Copying files at Tue Oct 15 17:11:02 UTC 2019
--- Copying files at Tue Oct 15 17:11:34 UTC 2019
--- Copying files at Tue Oct 15 17:12:21 UTC 2019
--- Copying files at Tue Oct 15 17:12:39 UTC 2019
--- Copying files at Tue Oct 15 17:16:37 UTC 2019
--- Copying files at Tue Oct 15 17:26:26 UTC 2019
--- Copying files at Tue Oct 15 17:45:10 UTC 2019
--- Copying files at Tue Oct 15 17:47:05 UTC 2019
--- Copying files at Tue Oct 15 17:47:48 UTC 2019
--- Copying files at Tue Oct 15 17:49:43 UTC 2019
--- Copying files at Tue Oct 15 17:52:15 UTC 2019
--- Copying files at Tue Oct 15 17:53:16 UTC 2019
--- Copying files at Tue Oct 15 17:54:04 UTC 2019
--- Copying files at Tue Oct 15 17:56:16 UTC 2019
--- Copying files at Tue Oct 15 20:18:56 UTC 2019
--- Copying files at Tue Oct 15 20:20:06 UTC 2019
--- Copying files at Tue Oct 15 21:12:51 UTC 2019
--- Copying files at Tue Oct 15 21:19:26 UTC 2019
--- Copying files at Tue Oct 15 21:40:23 UTC 2019
--- Copying files at Tue Oct 15 21:42:38 UTC 2019
--- Copying files at Tue Oct 15 21:46:08 UTC 2019
--- Copying files at Tue Oct 15 21:51:55 UTC 2019
--- Copying files at Tue Oct 15 23:11:58 UTC 2019
--- Copying files at Tue Oct 15 23:23:58 UTC 2019
--- Copying files at Tue Oct 15 23:28:15 UTC 2019
--- Copying files at Tue Oct 15 23:36:48 UTC 2019
--- Copying files at Tue Oct 15 23:38:31 UTC 2019
--- Copying files at Wed Oct 16 02:45:44 UTC 2019
--- Copying files at Wed Oct 16 12:19:32 UTC 2019
--- Copying files at Wed Oct 16 13:04:39 UTC 2019
--- Copying files at Thu Oct 17 02:49:13 UTC 2019
--- Copying files at Mon Oct 21 01:04:51 UTC 2019
--- Copying files at Sat Oct 26 22:45:29 UTC 2019
--- Copying files at Sat Oct 26 22:46:56 UTC 2019
--- Copying files at Sat Oct 26 22:49:04 UTC 2019
--- Copying files at Sat Oct 26 22:51:11 UTC 2019
--- Copying files at Sat Oct 26 23:26:34 UTC 2019
--- Copying files at Sat Oct 26 23:37:35 UTC 2019
--- Copying files at Sat Oct 26 23:40:18 UTC 2019
--- Copying files at Sat Oct 26 23:45:49 UTC 2019
--- Copying files at Sun Oct 27 00:02:57 UTC 2019
--- Copying files at Sun Oct 27 00:04:36 UTC 2019
--- Copying files at Sun Oct 27 00:44:05 UTC 2019
--- Copying files at Sun Oct 27 00:51:18 UTC 2019
--- Copying files at Sun Oct 27 00:52:19 UTC 2019
--- Copying files at Sun Oct 27 06:56:40 UTC 2019
--- Copying files at Sun Oct 27 06:57:52 UTC 2019
--- Copying files at Sun Oct 27 07:09:59 UTC 2019
--- Copying files at Mon Oct 28 19:23:34 UTC 2019
--- Copying files at Mon Oct 28 19:33:43 UTC 2019
--- Copying files at Mon Nov  4 02:43:27 UTC 2019
--- Copying files at Sun Feb 14 13:01:39 UTC 2021
--- Copying files at Mon Feb 15 14:14:11 UTC 2021
--- Copying files at Thu Feb 18 18:38:55 UTC 2021
--- Copying files at Sat Apr  2 12:37:33 UTC 2022
--- Copying files at Sat Apr  2 13:19:53 UTC 2022
--- Copying files at Sat Apr  2 14:51:51 UTC 2022
--- Copying files at Sat Apr  2 16:13:39 UTC 2022
